<?xml version="1.0" encoding="UTF-8"?>
<!-- Generated by org.testng.reporters.JUnitReportReporter -->
<testsuite hostname="Hello" name="com.testsuite.navbar.NavBarTest" tests="1" failures="0" timestamp="21 Jul 2015 12:17:19 GMT" time="69.431" errors="0">
  <testcase name="CreateList" time="69.431" classname="com.testsuite.navbar.NavBarTest"/>
</testsuite> <!-- com.testsuite.navbar.NavBarTest -->
