<?xml version="1.0" encoding="UTF-8"?>
<!-- Generated by org.testng.reporters.JUnitReportReporter -->
<testsuite hostname="Hello" name="com.testsuite.slideshow.SlideShowTests1" tests="1" failures="0" timestamp="5 Feb 2015 08:07:11 GMT" time="80.382" errors="0">
  <testcase name="Node_Ranking" time="80.382" classname="com.testsuite.slideshow.SlideShowTests1"/>
</testsuite> <!-- com.testsuite.slideshow.SlideShowTests1 -->
