<?xml version="1.0" encoding="UTF-8"?>
<!-- Generated by org.testng.reporters.JUnitReportReporter -->
<testsuite hostname="Hello" name="com.testsuite.PicsPage.PicsPageTest" tests="1" failures="0" timestamp="17 Jul 2015 09:04:49 GMT" time="28.491" errors="0">
  <testcase name="TopicPage" time="28.491" classname="com.testsuite.PicsPage.PicsPageTest"/>
</testsuite> <!-- com.testsuite.PicsPage.PicsPageTest -->
