<?xml version="1.0" encoding="UTF-8"?>
<!-- Generated by org.testng.reporters.JUnitReportReporter -->
<testsuite hostname="Hello" name="com.testsuite.Listheader.ListheaderTest" tests="1" failures="0" timestamp="14 Jul 2015 08:38:48 GMT" time="39.294" errors="0">
  <testcase name="RerankButton" time="39.294" classname="com.testsuite.Listheader.ListheaderTest"/>
</testsuite> <!-- com.testsuite.Listheader.ListheaderTest -->
