<?xml version="1.0" encoding="UTF-8"?>
<!-- Generated by org.testng.reporters.JUnitReportReporter -->
<testsuite hostname="Hello" name="com.testsuite.ListOptionTests.ListOptionTest" tests="1" failures="0" timestamp="8 May 2015 05:07:02 GMT" time="106.060" errors="0">
  <testcase name="AddAuthoredNode" time="106.060" classname="com.testsuite.ListOptionTests.ListOptionTest"/>
</testsuite> <!-- com.testsuite.ListOptionTests.ListOptionTest -->
