<?xml version="1.0" encoding="UTF-8"?>
<!-- Generated by org.testng.reporters.JUnitReportReporter -->
<testsuite hostname="Hello" name="com.testsuite.RankBlockTests.RankBlockTest" tests="1" failures="0" timestamp="7 May 2015 10:02:26 GMT" time="213.236" errors="0">
  <testcase name="ContributingListLinkForUltimateList" time="213.236" classname="com.testsuite.RankBlockTests.RankBlockTest"/>
</testsuite> <!-- com.testsuite.RankBlockTests.RankBlockTest -->
