<?xml version="1.0" encoding="UTF-8"?>
<!-- Generated by org.testng.reporters.JUnitReportReporter -->
<testsuite hostname="Hello" name="com.testsuite.RerankTest.RerankTest" tests="1" failures="0" timestamp="21 Jul 2015 12:10:15 GMT" time="96.364" errors="0">
  <testcase name="Deleteallitems" time="96.364" classname="com.testsuite.RerankTest.RerankTest"/>
</testsuite> <!-- com.testsuite.RerankTest.RerankTest -->
