<?xml version="1.0" encoding="UTF-8"?>
<!-- Generated by org.testng.reporters.JUnitReportReporter -->
<testsuite hostname="Hello" name="com.testsuite.RightrailTests.RightrailTests" tests="1" failures="0" timestamp="3 Mar 2015 06:51:04 GMT" time="38.916" errors="0">
  <testcase name="SubscriptionBlockNewEmail" time="38.916" classname="com.testsuite.RightrailTests.RightrailTests"/>
</testsuite> <!-- com.testsuite.RightrailTests.RightrailTests -->
