<?xml version="1.0" encoding="UTF-8"?>
<!-- Generated by org.testng.reporters.JUnitReportReporter -->
<testsuite hostname="Hello" name="com.testsuite.navbar.ProfileImage" tests="1" failures="0" timestamp="8 Jun 2015 12:33:57 GMT" time="89.736" errors="0">
  <testcase name="ProfileImageDropdownLogout" time="89.736" classname="com.testsuite.navbar.ProfileImage"/>
</testsuite> <!-- com.testsuite.navbar.ProfileImage -->
