<?xml version="1.0" encoding="UTF-8"?>
<!-- Generated by org.testng.reporters.JUnitReportReporter -->
<testsuite hostname="Hello" name="com.testsuite.HomePage.HomePageTest" tests="1" failures="0" timestamp="30 Mar 2015 11:02:22 GMT" time="191.760" errors="0">
  <testcase name="LiveRanking" time="191.760" classname="com.testsuite.HomePage.HomePageTest"/>
</testsuite> <!-- com.testsuite.HomePage.HomePageTest -->
