<?xml version="1.0" encoding="UTF-8"?>
<!-- Generated by org.testng.reporters.JUnitReportReporter -->
<testsuite hostname="Hello" name="com.testsuite.WidgetTests.WidgetTests" tests="1" failures="0" timestamp="14 Jul 2015 07:28:27 GMT" time="94.587" errors="0">
  <testcase name="SlideSettingList" time="94.587" classname="com.testsuite.WidgetTests.WidgetTests"/>
</testsuite> <!-- com.testsuite.WidgetTests.WidgetTests -->
